{"name":"errCompilerLogger","hostname":"Juxhina-Luftas-MacBook-Pro.local","pid":64751,"level":50,"msg":"","time":"2015-04-12T19:44:03.287Z","v":0}
{"name":"errCompilerLogger","hostname":"Juxhina-Luftas-MacBook-Pro.local","pid":64778,"level":50,"msg":"","time":"2015-04-12T19:49:15.193Z","v":0}
{"name":"errCompilerLogger","hostname":"Juxhina-Luftas-MacBook-Pro.local","pid":64890,"level":50,"msg":"","time":"2015-04-12T20:15:35.335Z","v":0}
{"name":"errCompilerLogger","hostname":"Juxhina-Luftas-MacBook-Pro.local","pid":66177,"level":50,"msg":"","time":"2015-04-12T22:23:47.248Z","v":0}
{"name":"errCompilerLogger","hostname":"Juxhina-Luftas-MacBook-Pro.local","pid":66187,"level":50,"msg":"","time":"2015-04-12T22:24:41.583Z","v":0}
{"0":{"type":"Invalid Identifier","element":"@","line":1,"position":0},"1":{"type":"Invalid Identifier","element":"@","line":1,"position":1},"17":{"type":"Invalid Identifier","element":"#","line":9,"position":0},"18":{"type":"Invalid Identifier","element":"#","line":9,"position":1},"name":"errCompilerLogger","hostname":"Juxhina-Luftas-MacBook-Pro.local","pid":76359,"level":50,"msg":"","time":"2015-04-16T01:00:06.428Z","v":0}
{"name":"errCompilerLogger","hostname":"Juxhina-Luftas-MacBook-Pro.local","pid":76376,"level":50,"msg":"ERROR: Sample Error to be outputer","time":"2015-04-16T01:03:09.299Z","v":0}
{"name":"errCompilerLogger","hostname":"Juxhina-Luftas-MacBook-Pro.local","pid":76376,"level":50,"msg":"","time":"2015-04-16T01:03:09.322Z","v":0}
{"name":"errCompilerLogger","hostname":"Juxhina-Luftas-MacBook-Pro.local","pid":76464,"level":50,"msg":"ERROR: Sample Error to be outputer","time":"2015-04-16T01:26:29.180Z","v":0}
{"name":"errCompilerLogger","hostname":"Juxhina-Luftas-MacBook-Pro.local","pid":76464,"level":50,"msg":"","time":"2015-04-16T01:26:29.255Z","v":0}
{"name":"errCompilerLogger","hostname":"Juxhina-Luftas-MacBook-Pro.local","pid":76658,"level":50,"msg":"ERROR: Sample Error to be outputer","time":"2015-04-16T02:21:50.457Z","v":0}
{"name":"errCompilerLogger","hostname":"Juxhina-Luftas-MacBook-Pro.local","pid":76725,"level":50,"msg":"ERROR: Sample Error to be outputer","time":"2015-04-16T02:35:26.434Z","v":0}
{"name":"errCompilerLogger","hostname":"Juxhina-Luftas-MacBook-Pro.local","pid":76731,"level":50,"msg":"ERROR: Sample Error to be outputer","time":"2015-04-16T02:35:48.244Z","v":0}
{"name":"errCompilerLogger","hostname":"Juxhina-Luftas-MacBook-Pro.local","pid":76755,"level":50,"msg":"ERROR: Sample Error to be outputer","time":"2015-04-16T02:36:42.318Z","v":0}
{"name":"errCompilerLogger","hostname":"Juxhina-Luftas-MacBook-Pro.local","pid":76755,"level":50,"msg":"","time":"2015-04-16T02:36:42.330Z","v":0}
{"name":"errCompilerLogger","hostname":"Juxhina-Luftas-MacBook-Pro.local","pid":76765,"level":50,"msg":"ERROR: Sample Error to be outputer","time":"2015-04-16T02:37:22.929Z","v":0}
{"name":"errCompilerLogger","hostname":"Juxhina-Luftas-MacBook-Pro.local","pid":76765,"level":50,"msg":"","time":"2015-04-16T02:37:22.939Z","v":0}
{"name":"errCompilerLogger","hostname":"Juxhina-Luftas-MacBook-Pro.local","pid":76772,"level":50,"msg":"ERROR: Sample Error to be outputer","time":"2015-04-16T02:38:25.395Z","v":0}
{"name":"errCompilerLogger","hostname":"Juxhina-Luftas-MacBook-Pro.local","pid":76800,"level":50,"msg":"ERROR: Sample Error to be outputer","time":"2015-04-16T02:38:56.542Z","v":0}
{"name":"errCompilerLogger","hostname":"Juxhina-Luftas-MacBook-Pro.local","pid":76811,"level":50,"msg":"ERROR: Sample Error to be outputer","time":"2015-04-16T02:40:00.726Z","v":0}
{"name":"errCompilerLogger","hostname":"Juxhina-Luftas-MacBook-Pro.local","pid":76811,"level":50,"msg":"","time":"2015-04-16T02:40:00.733Z","v":0}
{"name":"errCompilerLogger","hostname":"Juxhina-Luftas-MacBook-Pro.local","pid":76816,"level":50,"msg":"ERROR: Sample Error to be outputer","time":"2015-04-16T02:40:15.172Z","v":0}
{"name":"errCompilerLogger","hostname":"Juxhina-Luftas-MacBook-Pro.local","pid":76816,"level":50,"msg":"","time":"2015-04-16T02:40:15.179Z","v":0}
{"name":"errCompilerLogger","hostname":"Juxhina-Luftas-MacBook-Pro.local","pid":76828,"level":50,"msg":"ERROR: Sample Error to be outputer","time":"2015-04-16T02:43:19.646Z","v":0}
{"name":"errCompilerLogger","hostname":"Juxhina-Luftas-MacBook-Pro.local","pid":76828,"level":50,"msg":"","time":"2015-04-16T02:43:19.690Z","v":0}
{"name":"errCompilerLogger","hostname":"Juxhina-Luftas-MacBook-Pro.local","pid":76840,"level":50,"msg":"ERROR: Sample Error to be outputer","time":"2015-04-16T02:45:13.924Z","v":0}
{"name":"errCompilerLogger","hostname":"Juxhina-Luftas-MacBook-Pro.local","pid":76840,"level":50,"msg":"","time":"2015-04-16T02:45:13.931Z","v":0}
{"name":"errCompilerLogger","hostname":"Juxhina-Luftas-MacBook-Pro.local","pid":76848,"level":50,"msg":"ERROR: Sample Error to be outputer","time":"2015-04-16T02:46:08.784Z","v":0}
{"name":"errCompilerLogger","hostname":"Juxhina-Luftas-MacBook-Pro.local","pid":76848,"level":50,"msg":"","time":"2015-04-16T02:46:08.795Z","v":0}
{"name":"errCompilerLogger","hostname":"Juxhina-Luftas-MacBook-Pro.local","pid":76854,"level":50,"msg":"ERROR: Sample Error to be outputer","time":"2015-04-16T02:46:18.730Z","v":0}
{"name":"errCompilerLogger","hostname":"Juxhina-Luftas-MacBook-Pro.local","pid":76854,"level":50,"msg":"","time":"2015-04-16T02:46:18.740Z","v":0}
{"name":"errCompilerLogger","hostname":"Juxhina-Luftas-MacBook-Pro.local","pid":76866,"level":50,"msg":"ERROR: Sample Error to be outputer","time":"2015-04-16T02:48:59.556Z","v":0}
{"name":"errCompilerLogger","hostname":"Juxhina-Luftas-MacBook-Pro.local","pid":76866,"level":50,"msg":"","time":"2015-04-16T02:48:59.566Z","v":0}
{"name":"errCompilerLogger","hostname":"Juxhina-Luftas-MacBook-Pro.local","pid":76872,"level":50,"msg":"ERROR: Sample Error to be outputer","time":"2015-04-16T02:49:22.339Z","v":0}
{"name":"errCompilerLogger","hostname":"Juxhina-Luftas-MacBook-Pro.local","pid":76872,"level":50,"msg":"","time":"2015-04-16T02:49:22.350Z","v":0}
{"name":"errCompilerLogger","hostname":"Juxhina-Luftas-MacBook-Pro.local","pid":76931,"level":50,"msg":"ERROR: Sample Error to be outputer","time":"2015-04-16T03:01:31.929Z","v":0}
{"name":"errCompilerLogger","hostname":"Juxhina-Luftas-MacBook-Pro.local","pid":76931,"level":50,"msg":"","time":"2015-04-16T03:01:31.939Z","v":0}
{"name":"errCompilerLogger","hostname":"Juxhina-Luftas-MacBook-Pro.local","pid":76936,"level":50,"msg":"ERROR: Sample Error to be outputer","time":"2015-04-16T03:01:51.330Z","v":0}
{"name":"errCompilerLogger","hostname":"Juxhina-Luftas-MacBook-Pro.local","pid":76936,"level":50,"msg":"","time":"2015-04-16T03:01:51.339Z","v":0}
{"name":"errCompilerLogger","hostname":"Juxhina-Luftas-MacBook-Pro.local","pid":76960,"level":50,"msg":"ERROR: Sample Error to be outputer","time":"2015-04-16T03:03:48.503Z","v":0}
{"name":"errCompilerLogger","hostname":"Juxhina-Luftas-MacBook-Pro.local","pid":76960,"level":50,"msg":"","time":"2015-04-16T03:03:48.513Z","v":0}
{"name":"errCompilerLogger","hostname":"Juxhina-Luftas-MacBook-Pro.local","pid":76960,"level":50,"msg":"ERROR: Sample Error to be outputer","time":"2015-04-16T03:03:48.516Z","v":0}
{"name":"errCompilerLogger","hostname":"Juxhina-Luftas-MacBook-Pro.local","pid":76960,"level":50,"msg":"","time":"2015-04-16T03:03:48.518Z","v":0}
{"name":"errCompilerLogger","hostname":"Juxhina-Luftas-MacBook-Pro.local","pid":76967,"level":50,"msg":"ERROR: Sample Error to be outputer","time":"2015-04-16T03:04:25.394Z","v":0}
{"name":"errCompilerLogger","hostname":"Juxhina-Luftas-MacBook-Pro.local","pid":76967,"level":50,"msg":"","time":"2015-04-16T03:04:25.405Z","v":0}
{"name":"errCompilerLogger","hostname":"Juxhina-Luftas-MacBook-Pro.local","pid":76967,"level":50,"msg":"ERROR: Sample Error to be outputer","time":"2015-04-16T03:04:25.406Z","v":0}
{"name":"errCompilerLogger","hostname":"Juxhina-Luftas-MacBook-Pro.local","pid":76967,"level":50,"msg":"","time":"2015-04-16T03:04:25.442Z","v":0}
{"name":"errCompilerLogger","hostname":"Juxhina-Luftas-MacBook-Pro.local","pid":76977,"level":50,"msg":"ERROR: Sample Error to be outputer","time":"2015-04-16T03:05:02.777Z","v":0}
{"name":"errCompilerLogger","hostname":"Juxhina-Luftas-MacBook-Pro.local","pid":76977,"level":50,"msg":"","time":"2015-04-16T03:05:02.786Z","v":0}
{"name":"errCompilerLogger","hostname":"Juxhina-Luftas-MacBook-Pro.local","pid":76977,"level":50,"msg":"ERROR: Sample Error to be outputer","time":"2015-04-16T03:05:02.787Z","v":0}
{"name":"errCompilerLogger","hostname":"Juxhina-Luftas-MacBook-Pro.local","pid":76977,"level":50,"msg":"","time":"2015-04-16T03:05:02.789Z","v":0}
{"name":"errCompilerLogger","hostname":"Juxhina-Luftas-MacBook-Pro.local","pid":76983,"level":50,"msg":"ERROR: Sample Error to be outputer","time":"2015-04-16T03:05:39.493Z","v":0}
{"name":"errCompilerLogger","hostname":"Juxhina-Luftas-MacBook-Pro.local","pid":76983,"level":50,"msg":"","time":"2015-04-16T03:05:39.503Z","v":0}
{"name":"errCompilerLogger","hostname":"Juxhina-Luftas-MacBook-Pro.local","pid":76983,"level":50,"msg":"ERROR: Sample Error to be outputer","time":"2015-04-16T03:05:39.505Z","v":0}
{"name":"errCompilerLogger","hostname":"Juxhina-Luftas-MacBook-Pro.local","pid":76983,"level":50,"msg":"","time":"2015-04-16T03:05:39.507Z","v":0}
{"name":"errCompilerLogger","hostname":"Juxhina-Luftas-MacBook-Pro.local","pid":76987,"level":50,"msg":"ERROR: Sample Error to be outputer","time":"2015-04-16T03:05:54.882Z","v":0}
{"name":"errCompilerLogger","hostname":"Juxhina-Luftas-MacBook-Pro.local","pid":76987,"level":50,"msg":"","time":"2015-04-16T03:05:54.892Z","v":0}
{"name":"errCompilerLogger","hostname":"Juxhina-Luftas-MacBook-Pro.local","pid":76987,"level":50,"msg":"ERROR: Sample Error to be outputer","time":"2015-04-16T03:05:54.893Z","v":0}
{"name":"errCompilerLogger","hostname":"Juxhina-Luftas-MacBook-Pro.local","pid":76987,"level":50,"msg":"","time":"2015-04-16T03:05:54.895Z","v":0}
{"name":"errCompilerLogger","hostname":"Juxhina-Luftas-MacBook-Pro.local","pid":76994,"level":50,"msg":"ERROR: Sample Error to be outputer","time":"2015-04-16T03:06:56.767Z","v":0}
{"name":"errCompilerLogger","hostname":"Juxhina-Luftas-MacBook-Pro.local","pid":76994,"level":50,"msg":"","time":"2015-04-16T03:06:56.776Z","v":0}
{"name":"errCompilerLogger","hostname":"Juxhina-Luftas-MacBook-Pro.local","pid":76994,"level":50,"msg":"ERROR: Sample Error to be outputer","time":"2015-04-16T03:06:56.777Z","v":0}
{"name":"errCompilerLogger","hostname":"Juxhina-Luftas-MacBook-Pro.local","pid":76994,"level":50,"msg":"","time":"2015-04-16T03:06:56.779Z","v":0}
{"name":"errCompilerLogger","hostname":"Juxhina-Luftas-MacBook-Pro.local","pid":76998,"level":50,"msg":"ERROR: Sample Error to be outputer","time":"2015-04-16T03:07:04.200Z","v":0}
{"name":"errCompilerLogger","hostname":"Juxhina-Luftas-MacBook-Pro.local","pid":76998,"level":50,"msg":"","time":"2015-04-16T03:07:04.209Z","v":0}
{"name":"errCompilerLogger","hostname":"Juxhina-Luftas-MacBook-Pro.local","pid":76998,"level":50,"msg":"ERROR: Sample Error to be outputer","time":"2015-04-16T03:07:04.210Z","v":0}
{"name":"errCompilerLogger","hostname":"Juxhina-Luftas-MacBook-Pro.local","pid":76998,"level":50,"msg":"","time":"2015-04-16T03:07:04.212Z","v":0}
{"name":"errCompilerLogger","hostname":"Juxhina-Luftas-MacBook-Pro.local","pid":77003,"level":50,"msg":"ERROR: Sample Error to be outputer","time":"2015-04-16T03:07:19.929Z","v":0}
{"name":"errCompilerLogger","hostname":"Juxhina-Luftas-MacBook-Pro.local","pid":77003,"level":50,"msg":"","time":"2015-04-16T03:07:19.938Z","v":0}
{"name":"errCompilerLogger","hostname":"Juxhina-Luftas-MacBook-Pro.local","pid":77003,"level":50,"msg":"ERROR: Sample Error to be outputer","time":"2015-04-16T03:07:19.940Z","v":0}
{"name":"errCompilerLogger","hostname":"Juxhina-Luftas-MacBook-Pro.local","pid":77003,"level":50,"msg":"","time":"2015-04-16T03:07:19.942Z","v":0}
{"name":"errCompilerLogger","hostname":"Juxhina-Luftas-MacBook-Pro.local","pid":77010,"level":50,"msg":"ERROR: Sample Error to be outputer","time":"2015-04-16T03:07:31.643Z","v":0}
{"name":"errCompilerLogger","hostname":"Juxhina-Luftas-MacBook-Pro.local","pid":77010,"level":50,"msg":"","time":"2015-04-16T03:07:31.654Z","v":0}
{"name":"errCompilerLogger","hostname":"Juxhina-Luftas-MacBook-Pro.local","pid":77010,"level":50,"msg":"ERROR: Sample Error to be outputer","time":"2015-04-16T03:07:31.656Z","v":0}
{"name":"errCompilerLogger","hostname":"Juxhina-Luftas-MacBook-Pro.local","pid":77010,"level":50,"msg":"","time":"2015-04-16T03:07:31.658Z","v":0}
{"name":"errCompilerLogger","hostname":"Juxhina-Luftas-MacBook-Pro.local","pid":77153,"level":50,"msg":"ERROR: Sample Error to be outputer","time":"2015-04-16T03:36:33.912Z","v":0}
{"name":"errCompilerLogger","hostname":"Juxhina-Luftas-MacBook-Pro.local","pid":77181,"level":50,"msg":"ERROR: Sample Error to be outputer","time":"2015-04-16T03:40:22.241Z","v":0}
{"name":"errCompilerLogger","hostname":"Juxhina-Luftas-MacBook-Pro.local","pid":77181,"level":50,"msg":"","time":"2015-04-16T03:40:22.251Z","v":0}
{"name":"errCompilerLogger","hostname":"Juxhina-Luftas-MacBook-Pro.local","pid":77181,"level":50,"msg":"ERROR: Sample Error to be outputer","time":"2015-04-16T03:40:22.253Z","v":0}
{"name":"errCompilerLogger","hostname":"Juxhina-Luftas-MacBook-Pro.local","pid":77181,"level":50,"msg":"","time":"2015-04-16T03:40:22.254Z","v":0}
{"name":"errCompilerLogger","hostname":"Juxhina-Luftas-MacBook-Pro.local","pid":77239,"level":50,"msg":"ERROR: Sample Error to be outputer","time":"2015-04-16T03:53:32.390Z","v":0}
{"name":"errCompilerLogger","hostname":"Juxhina-Luftas-MacBook-Pro.local","pid":77239,"level":50,"msg":"","time":"2015-04-16T03:53:32.468Z","v":0}
{"name":"errCompilerLogger","hostname":"Juxhina-Luftas-MacBook-Pro.local","pid":77239,"level":50,"msg":"ERROR: Sample Error to be outputer","time":"2015-04-16T03:53:32.469Z","v":0}
{"name":"errCompilerLogger","hostname":"Juxhina-Luftas-MacBook-Pro.local","pid":77239,"level":50,"msg":"","time":"2015-04-16T03:53:32.510Z","v":0}
{"name":"errCompilerLogger","hostname":"Juxhina-Luftas-MacBook-Pro.local","pid":77239,"level":50,"msg":"ERROR: Sample Error to be outputer","time":"2015-04-16T03:53:32.510Z","v":0}
{"name":"errCompilerLogger","hostname":"Juxhina-Luftas-MacBook-Pro.local","pid":77239,"level":50,"msg":"","time":"2015-04-16T03:53:32.514Z","v":0}
{"name":"errCompilerLogger","hostname":"Juxhina-Luftas-MacBook-Pro.local","pid":77246,"level":50,"msg":"ERROR: Sample Error to be outputer","time":"2015-04-16T03:54:08.583Z","v":0}
{"name":"errCompilerLogger","hostname":"Juxhina-Luftas-MacBook-Pro.local","pid":77246,"level":50,"msg":"","time":"2015-04-16T03:54:08.592Z","v":0}
{"name":"errCompilerLogger","hostname":"Juxhina-Luftas-MacBook-Pro.local","pid":77246,"level":50,"msg":"ERROR: Sample Error to be outputer","time":"2015-04-16T03:54:08.594Z","v":0}
{"name":"errCompilerLogger","hostname":"Juxhina-Luftas-MacBook-Pro.local","pid":77246,"level":50,"msg":"","time":"2015-04-16T03:54:08.598Z","v":0}
{"name":"errCompilerLogger","hostname":"Juxhina-Luftas-MacBook-Pro.local","pid":77246,"level":50,"msg":"ERROR: Sample Error to be outputer","time":"2015-04-16T03:54:08.599Z","v":0}
{"name":"errCompilerLogger","hostname":"Juxhina-Luftas-MacBook-Pro.local","pid":77246,"level":50,"msg":"","time":"2015-04-16T03:54:08.626Z","v":0}
{"name":"errCompilerLogger","hostname":"Juxhina-Luftas-MacBook-Pro.local","pid":77256,"level":50,"msg":"ERROR: Sample Error to be outputer","time":"2015-04-16T03:54:42.906Z","v":0}
{"name":"errCompilerLogger","hostname":"Juxhina-Luftas-MacBook-Pro.local","pid":77256,"level":50,"msg":"","time":"2015-04-16T03:54:42.915Z","v":0}
{"name":"errCompilerLogger","hostname":"Juxhina-Luftas-MacBook-Pro.local","pid":77256,"level":50,"msg":"ERROR: Sample Error to be outputer","time":"2015-04-16T03:54:42.917Z","v":0}
{"name":"errCompilerLogger","hostname":"Juxhina-Luftas-MacBook-Pro.local","pid":77256,"level":50,"msg":"","time":"2015-04-16T03:54:42.921Z","v":0}
{"name":"errCompilerLogger","hostname":"Juxhina-Luftas-MacBook-Pro.local","pid":77256,"level":50,"msg":"ERROR: Sample Error to be outputer","time":"2015-04-16T03:54:42.921Z","v":0}
{"name":"errCompilerLogger","hostname":"Juxhina-Luftas-MacBook-Pro.local","pid":77256,"level":50,"msg":"","time":"2015-04-16T03:54:42.932Z","v":0}
{"name":"errCompilerLogger","hostname":"Juxhina-Luftas-MacBook-Pro.local","pid":77268,"level":50,"msg":"ERROR: Sample Error to be outputer","time":"2015-04-16T03:55:40.408Z","v":0}
{"name":"errCompilerLogger","hostname":"Juxhina-Luftas-MacBook-Pro.local","pid":77268,"level":50,"msg":"","time":"2015-04-16T03:55:40.417Z","v":0}
{"name":"errCompilerLogger","hostname":"Juxhina-Luftas-MacBook-Pro.local","pid":77268,"level":50,"msg":"ERROR: Sample Error to be outputer","time":"2015-04-16T03:55:40.418Z","v":0}
{"name":"errCompilerLogger","hostname":"Juxhina-Luftas-MacBook-Pro.local","pid":77268,"level":50,"msg":"","time":"2015-04-16T03:55:40.422Z","v":0}
{"name":"errCompilerLogger","hostname":"Juxhina-Luftas-MacBook-Pro.local","pid":77273,"level":50,"msg":"ERROR: Sample Error to be outputer","time":"2015-04-16T03:56:01.136Z","v":0}
{"name":"errCompilerLogger","hostname":"Juxhina-Luftas-MacBook-Pro.local","pid":77273,"level":50,"msg":"","time":"2015-04-16T03:56:01.146Z","v":0}
{"name":"errCompilerLogger","hostname":"Juxhina-Luftas-MacBook-Pro.local","pid":77273,"level":50,"msg":"ERROR: Sample Error to be outputer","time":"2015-04-16T03:56:01.147Z","v":0}
{"name":"errCompilerLogger","hostname":"Juxhina-Luftas-MacBook-Pro.local","pid":77273,"level":50,"msg":"","time":"2015-04-16T03:56:01.152Z","v":0}
{"name":"errCompilerLogger","hostname":"Juxhina-Luftas-MacBook-Pro.local","pid":77279,"level":50,"msg":"ERROR: Sample Error to be outputer","time":"2015-04-16T03:56:27.688Z","v":0}
{"name":"errCompilerLogger","hostname":"Juxhina-Luftas-MacBook-Pro.local","pid":77279,"level":50,"msg":"","time":"2015-04-16T03:56:27.698Z","v":0}
{"name":"errCompilerLogger","hostname":"Juxhina-Luftas-MacBook-Pro.local","pid":77279,"level":50,"msg":"ERROR: Sample Error to be outputer","time":"2015-04-16T03:56:27.699Z","v":0}
{"name":"errCompilerLogger","hostname":"Juxhina-Luftas-MacBook-Pro.local","pid":77279,"level":50,"msg":"","time":"2015-04-16T03:56:27.704Z","v":0}
{"name":"errCompilerLogger","hostname":"Juxhina-Luftas-MacBook-Pro.local","pid":77281,"level":50,"msg":"ERROR: Sample Error to be outputer","time":"2015-04-16T03:56:29.420Z","v":0}
{"name":"errCompilerLogger","hostname":"Juxhina-Luftas-MacBook-Pro.local","pid":77281,"level":50,"msg":"","time":"2015-04-16T03:56:29.429Z","v":0}
{"name":"errCompilerLogger","hostname":"Juxhina-Luftas-MacBook-Pro.local","pid":77281,"level":50,"msg":"ERROR: Sample Error to be outputer","time":"2015-04-16T03:56:29.430Z","v":0}
{"name":"errCompilerLogger","hostname":"Juxhina-Luftas-MacBook-Pro.local","pid":77281,"level":50,"msg":"","time":"2015-04-16T03:56:29.434Z","v":0}
{"name":"errCompilerLogger","hostname":"Juxhina-Luftas-MacBook-Pro.local","pid":77293,"level":50,"msg":"ERROR: Sample Error to be outputer","time":"2015-04-16T03:59:01.471Z","v":0}
{"name":"errCompilerLogger","hostname":"Juxhina-Luftas-MacBook-Pro.local","pid":77293,"level":50,"msg":"","time":"2015-04-16T03:59:01.480Z","v":0}
{"name":"errCompilerLogger","hostname":"Juxhina-Luftas-MacBook-Pro.local","pid":77293,"level":50,"msg":"ERROR: Sample Error to be outputer","time":"2015-04-16T03:59:01.482Z","v":0}
{"name":"errCompilerLogger","hostname":"Juxhina-Luftas-MacBook-Pro.local","pid":77293,"level":50,"msg":"","time":"2015-04-16T03:59:01.486Z","v":0}
{"name":"errCompilerLogger","hostname":"Juxhina-Luftas-MacBook-Pro.local","pid":77293,"level":50,"msg":"ERROR: Sample Error to be outputer","time":"2015-04-16T03:59:01.487Z","v":0}
{"name":"errCompilerLogger","hostname":"Juxhina-Luftas-MacBook-Pro.local","pid":77293,"level":50,"msg":"ERROR: The multiline comment was not closed properly.","time":"2015-04-16T03:59:01.491Z","v":0}
{"4":{"type":"Missing parameter: CLosing multiple line comments","element":"g","line":4,"position":24},"name":"errCompilerLogger","hostname":"Juxhina-Luftas-MacBook-Pro.local","pid":77293,"level":50,"msg":"","time":"2015-04-16T03:59:01.498Z","v":0}
{"name":"errCompilerLogger","hostname":"Juxhina-Luftas-MacBook-Pro.local","pid":77309,"level":50,"msg":"ERROR: Sample Error to be outputer","time":"2015-04-16T04:01:45.994Z","v":0}
{"name":"errCompilerLogger","hostname":"Juxhina-Luftas-MacBook-Pro.local","pid":77309,"level":50,"msg":"","time":"2015-04-16T04:01:46.004Z","v":0}
{"name":"errCompilerLogger","hostname":"Juxhina-Luftas-MacBook-Pro.local","pid":77309,"level":50,"msg":"ERROR: Sample Error to be outputer","time":"2015-04-16T04:01:46.005Z","v":0}
{"name":"errCompilerLogger","hostname":"Juxhina-Luftas-MacBook-Pro.local","pid":77309,"level":50,"msg":"","time":"2015-04-16T04:01:46.009Z","v":0}
{"name":"errCompilerLogger","hostname":"Juxhina-Luftas-MacBook-Pro.local","pid":77309,"level":50,"msg":"ERROR: Sample Error to be outputer","time":"2015-04-16T04:01:46.010Z","v":0}
{"name":"errCompilerLogger","hostname":"Juxhina-Luftas-MacBook-Pro.local","pid":77309,"level":50,"msg":"ERROR: The multiline comment was not closed properly.","time":"2015-04-16T04:01:46.014Z","v":0}
{"4":{"type":"Missing parameter: CLosing multiple line comments","element":"g","line":4,"position":24},"name":"errCompilerLogger","hostname":"Juxhina-Luftas-MacBook-Pro.local","pid":77309,"level":50,"msg":"","time":"2015-04-16T04:01:46.021Z","v":0}
{"name":"errCompilerLogger","hostname":"Juxhina-Luftas-MacBook-Pro.local","pid":77316,"level":50,"msg":"ERROR: Sample Error to be outputer","time":"2015-04-16T04:02:44.490Z","v":0}
{"name":"errCompilerLogger","hostname":"Juxhina-Luftas-MacBook-Pro.local","pid":77316,"level":50,"msg":"","time":"2015-04-16T04:02:44.500Z","v":0}
{"name":"errCompilerLogger","hostname":"Juxhina-Luftas-MacBook-Pro.local","pid":77316,"level":50,"msg":"ERROR: Sample Error to be outputer","time":"2015-04-16T04:02:44.501Z","v":0}
{"name":"errCompilerLogger","hostname":"Juxhina-Luftas-MacBook-Pro.local","pid":77316,"level":50,"msg":"","time":"2015-04-16T04:02:44.505Z","v":0}
{"name":"errCompilerLogger","hostname":"Juxhina-Luftas-MacBook-Pro.local","pid":77316,"level":50,"msg":"ERROR: Sample Error to be outputer","time":"2015-04-16T04:02:44.506Z","v":0}
{"name":"errCompilerLogger","hostname":"Juxhina-Luftas-MacBook-Pro.local","pid":77316,"level":50,"msg":"ERROR: The multiline comment was not closed properly.","time":"2015-04-16T04:02:44.511Z","v":0}
{"4":{"type":"Missing parameter: CLosing multiple line comments","element":"g","line":4,"position":24},"name":"errCompilerLogger","hostname":"Juxhina-Luftas-MacBook-Pro.local","pid":77316,"level":50,"msg":"","time":"2015-04-16T04:02:44.518Z","v":0}
{"name":"errCompilerLogger","hostname":"Juxhina-Luftas-MacBook-Pro.local","pid":77322,"level":50,"msg":"ERROR: Sample Error to be outputer","time":"2015-04-16T04:02:54.960Z","v":0}
{"name":"errCompilerLogger","hostname":"Juxhina-Luftas-MacBook-Pro.local","pid":77322,"level":50,"msg":"","time":"2015-04-16T04:02:54.970Z","v":0}
{"name":"errCompilerLogger","hostname":"Juxhina-Luftas-MacBook-Pro.local","pid":77322,"level":50,"msg":"ERROR: Sample Error to be outputer","time":"2015-04-16T04:02:54.971Z","v":0}
{"name":"errCompilerLogger","hostname":"Juxhina-Luftas-MacBook-Pro.local","pid":77322,"level":50,"msg":"","time":"2015-04-16T04:02:54.975Z","v":0}
{"name":"errCompilerLogger","hostname":"Juxhina-Luftas-MacBook-Pro.local","pid":77322,"level":50,"msg":"ERROR: Sample Error to be outputer","time":"2015-04-16T04:02:54.976Z","v":0}
{"name":"errCompilerLogger","hostname":"Juxhina-Luftas-MacBook-Pro.local","pid":77322,"level":50,"msg":"ERROR: The multiline comment was not closed properly.","time":"2015-04-16T04:02:54.980Z","v":0}
{"4":{"type":"Missing parameter: CLosing multiple line comments","element":"g","line":4,"position":24},"name":"errCompilerLogger","hostname":"Juxhina-Luftas-MacBook-Pro.local","pid":77322,"level":50,"msg":"","time":"2015-04-16T04:02:54.987Z","v":0}
{"name":"errCompilerLogger","hostname":"Juxhina-Luftas-MacBook-Pro.local","pid":77331,"level":50,"msg":"ERROR: Sample Error to be outputer","time":"2015-04-16T04:03:36.990Z","v":0}
{"name":"errCompilerLogger","hostname":"Juxhina-Luftas-MacBook-Pro.local","pid":77331,"level":50,"msg":"","time":"2015-04-16T04:03:37.000Z","v":0}
{"name":"errCompilerLogger","hostname":"Juxhina-Luftas-MacBook-Pro.local","pid":77331,"level":50,"msg":"ERROR: Sample Error to be outputer","time":"2015-04-16T04:03:37.002Z","v":0}
{"name":"errCompilerLogger","hostname":"Juxhina-Luftas-MacBook-Pro.local","pid":77331,"level":50,"msg":"","time":"2015-04-16T04:03:37.006Z","v":0}
{"name":"errCompilerLogger","hostname":"Juxhina-Luftas-MacBook-Pro.local","pid":77331,"level":50,"msg":"ERROR: Sample Error to be outputer","time":"2015-04-16T04:03:37.007Z","v":0}
{"name":"errCompilerLogger","hostname":"Juxhina-Luftas-MacBook-Pro.local","pid":77331,"level":50,"msg":"ERROR: The multiline comment was not closed properly.","time":"2015-04-16T04:03:37.011Z","v":0}
{"4":{"type":"Missing parameter: CLosing multiple line comments","element":"g","line":4,"position":24},"name":"errCompilerLogger","hostname":"Juxhina-Luftas-MacBook-Pro.local","pid":77331,"level":50,"msg":"","time":"2015-04-16T04:03:37.017Z","v":0}
{"name":"errCompilerLogger","hostname":"Juxhina-Luftas-MacBook-Pro.local","pid":77336,"level":50,"msg":"ERROR: Sample Error to be outputer","time":"2015-04-16T04:03:44.572Z","v":0}
{"name":"errCompilerLogger","hostname":"Juxhina-Luftas-MacBook-Pro.local","pid":77336,"level":50,"msg":"","time":"2015-04-16T04:03:44.582Z","v":0}
{"name":"errCompilerLogger","hostname":"Juxhina-Luftas-MacBook-Pro.local","pid":77342,"level":50,"msg":"ERROR: Sample Error to be outputer","time":"2015-04-16T04:04:05.355Z","v":0}
{"name":"errCompilerLogger","hostname":"Juxhina-Luftas-MacBook-Pro.local","pid":77342,"level":50,"msg":"","time":"2015-04-16T04:04:05.366Z","v":0}
{"name":"errCompilerLogger","hostname":"Juxhina-Luftas-MacBook-Pro.local","pid":77342,"level":50,"msg":"ERROR: Sample Error to be outputer","time":"2015-04-16T04:04:05.368Z","v":0}
{"name":"errCompilerLogger","hostname":"Juxhina-Luftas-MacBook-Pro.local","pid":77342,"level":50,"msg":"","time":"2015-04-16T04:04:05.372Z","v":0}
{"name":"errCompilerLogger","hostname":"Juxhina-Luftas-MacBook-Pro.local","pid":77342,"level":50,"msg":"ERROR: Sample Error to be outputer","time":"2015-04-16T04:04:05.373Z","v":0}
{"name":"errCompilerLogger","hostname":"Juxhina-Luftas-MacBook-Pro.local","pid":77342,"level":50,"msg":"ERROR: The multiline comment was not closed properly.","time":"2015-04-16T04:04:05.377Z","v":0}
{"4":{"type":"Missing parameter: CLosing multiple line comments","element":"g","line":4,"position":24},"name":"errCompilerLogger","hostname":"Juxhina-Luftas-MacBook-Pro.local","pid":77342,"level":50,"msg":"","time":"2015-04-16T04:04:05.385Z","v":0}
{"name":"errCompilerLogger","hostname":"Juxhina-Luftas-MacBook-Pro.local","pid":77347,"level":50,"msg":"ERROR: Sample Error to be outputer","time":"2015-04-16T04:04:11.016Z","v":0}
{"name":"errCompilerLogger","hostname":"Juxhina-Luftas-MacBook-Pro.local","pid":77347,"level":50,"msg":"","time":"2015-04-16T04:04:11.026Z","v":0}
{"name":"errCompilerLogger","hostname":"Juxhina-Luftas-MacBook-Pro.local","pid":77347,"level":50,"msg":"ERROR: Sample Error to be outputer","time":"2015-04-16T04:04:11.028Z","v":0}
{"name":"errCompilerLogger","hostname":"Juxhina-Luftas-MacBook-Pro.local","pid":77347,"level":50,"msg":"","time":"2015-04-16T04:04:11.032Z","v":0}
{"name":"errCompilerLogger","hostname":"Juxhina-Luftas-MacBook-Pro.local","pid":77347,"level":50,"msg":"ERROR: Sample Error to be outputer","time":"2015-04-16T04:04:11.032Z","v":0}
{"name":"errCompilerLogger","hostname":"Juxhina-Luftas-MacBook-Pro.local","pid":77347,"level":50,"msg":"ERROR: The multiline comment was not closed properly.","time":"2015-04-16T04:04:11.037Z","v":0}
{"4":{"type":"Missing parameter: CLosing multiple line comments","element":"g","line":4,"position":24},"name":"errCompilerLogger","hostname":"Juxhina-Luftas-MacBook-Pro.local","pid":77347,"level":50,"msg":"","time":"2015-04-16T04:04:11.044Z","v":0}
{"name":"errCompilerLogger","hostname":"Juxhina-Luftas-MacBook-Pro.local","pid":77353,"level":50,"msg":"ERROR: Sample Error to be outputer","time":"2015-04-16T04:04:24.809Z","v":0}
{"name":"errCompilerLogger","hostname":"Juxhina-Luftas-MacBook-Pro.local","pid":77353,"level":50,"msg":"","time":"2015-04-16T04:04:24.819Z","v":0}
{"name":"errCompilerLogger","hostname":"Juxhina-Luftas-MacBook-Pro.local","pid":77353,"level":50,"msg":"ERROR: Sample Error to be outputer","time":"2015-04-16T04:04:24.820Z","v":0}
{"name":"errCompilerLogger","hostname":"Juxhina-Luftas-MacBook-Pro.local","pid":77353,"level":50,"msg":"","time":"2015-04-16T04:04:24.824Z","v":0}
{"name":"errCompilerLogger","hostname":"Juxhina-Luftas-MacBook-Pro.local","pid":77353,"level":50,"msg":"ERROR: Sample Error to be outputer","time":"2015-04-16T04:04:24.825Z","v":0}
{"name":"errCompilerLogger","hostname":"Juxhina-Luftas-MacBook-Pro.local","pid":77353,"level":50,"msg":"ERROR: The multiline comment was not closed properly.","time":"2015-04-16T04:04:24.829Z","v":0}
{"4":{"type":"Missing parameter: CLosing multiple line comments","element":"g","line":4,"position":24},"name":"errCompilerLogger","hostname":"Juxhina-Luftas-MacBook-Pro.local","pid":77353,"level":50,"msg":"","time":"2015-04-16T04:04:24.836Z","v":0}
{"name":"errCompilerLogger","hostname":"Juxhina-Luftas-MacBook-Pro.local","pid":77358,"level":50,"msg":"ERROR: Sample Error to be outputer","time":"2015-04-16T04:04:35.866Z","v":0}
{"name":"errCompilerLogger","hostname":"Juxhina-Luftas-MacBook-Pro.local","pid":77358,"level":50,"msg":"","time":"2015-04-16T04:04:35.876Z","v":0}
{"name":"errCompilerLogger","hostname":"Juxhina-Luftas-MacBook-Pro.local","pid":77358,"level":50,"msg":"ERROR: Sample Error to be outputer","time":"2015-04-16T04:04:35.877Z","v":0}
{"name":"errCompilerLogger","hostname":"Juxhina-Luftas-MacBook-Pro.local","pid":77358,"level":50,"msg":"","time":"2015-04-16T04:04:35.881Z","v":0}
{"name":"errCompilerLogger","hostname":"Juxhina-Luftas-MacBook-Pro.local","pid":77358,"level":50,"msg":"ERROR: Sample Error to be outputer","time":"2015-04-16T04:04:35.882Z","v":0}
{"name":"errCompilerLogger","hostname":"Juxhina-Luftas-MacBook-Pro.local","pid":77358,"level":50,"msg":"ERROR: The multiline comment was not closed properly.","time":"2015-04-16T04:04:35.886Z","v":0}
{"4":{"type":"Missing parameter: CLosing multiple line comments","element":"g","line":4,"position":24},"name":"errCompilerLogger","hostname":"Juxhina-Luftas-MacBook-Pro.local","pid":77358,"level":50,"msg":"","time":"2015-04-16T04:04:35.893Z","v":0}
{"name":"errCompilerLogger","hostname":"Juxhina-Luftas-MacBook-Pro.local","pid":77364,"level":50,"msg":"ERROR: Sample Error to be outputer","time":"2015-04-16T04:04:53.678Z","v":0}
{"name":"errCompilerLogger","hostname":"Juxhina-Luftas-MacBook-Pro.local","pid":77364,"level":50,"msg":"","time":"2015-04-16T04:04:53.688Z","v":0}
{"name":"errCompilerLogger","hostname":"Juxhina-Luftas-MacBook-Pro.local","pid":77364,"level":50,"msg":"ERROR: Sample Error to be outputer","time":"2015-04-16T04:04:53.690Z","v":0}
{"name":"errCompilerLogger","hostname":"Juxhina-Luftas-MacBook-Pro.local","pid":77364,"level":50,"msg":"","time":"2015-04-16T04:04:53.694Z","v":0}
{"name":"errCompilerLogger","hostname":"Juxhina-Luftas-MacBook-Pro.local","pid":77364,"level":50,"msg":"ERROR: Sample Error to be outputer","time":"2015-04-16T04:04:53.695Z","v":0}
{"name":"errCompilerLogger","hostname":"Juxhina-Luftas-MacBook-Pro.local","pid":77364,"level":50,"msg":"ERROR: The multiline comment was not closed properly.","time":"2015-04-16T04:04:53.700Z","v":0}
{"4":{"type":"Missing parameter: CLosing multiple line comments","element":"g","line":4,"position":24},"name":"errCompilerLogger","hostname":"Juxhina-Luftas-MacBook-Pro.local","pid":77364,"level":50,"msg":"","time":"2015-04-16T04:04:53.706Z","v":0}
{"name":"errCompilerLogger","hostname":"Juxhina-Luftas-MacBook-Pro.local","pid":77460,"level":50,"msg":"ERROR: Sample Error to be outputer","time":"2015-04-16T05:12:17.560Z","v":0}
{"name":"errCompilerLogger","hostname":"Juxhina-Luftas-MacBook-Pro.local","pid":77460,"level":50,"msg":"ERROR: Sample Error to be outputer","time":"2015-04-16T05:12:17.621Z","v":0}
{"name":"errCompilerLogger","hostname":"Juxhina-Luftas-MacBook-Pro.local","pid":77460,"level":50,"msg":"","time":"2015-04-16T05:12:17.648Z","v":0}
{"name":"errCompilerLogger","hostname":"Juxhina-Luftas-MacBook-Pro.local","pid":77460,"level":50,"msg":"ERROR: Sample Error to be outputer","time":"2015-04-16T05:12:17.649Z","v":0}
{"name":"errCompilerLogger","hostname":"Juxhina-Luftas-MacBook-Pro.local","pid":77460,"level":50,"msg":"","time":"2015-04-16T05:12:17.684Z","v":0}
{"name":"errCompilerLogger","hostname":"Juxhina-Luftas-MacBook-Pro.local","pid":77465,"level":50,"msg":"ERROR: Sample Error to be outputer","time":"2015-04-16T05:12:28.723Z","v":0}
{"name":"errCompilerLogger","hostname":"Juxhina-Luftas-MacBook-Pro.local","pid":77465,"level":50,"msg":"","time":"2015-04-16T05:12:28.732Z","v":0}
{"name":"errCompilerLogger","hostname":"Juxhina-Luftas-MacBook-Pro.local","pid":77465,"level":50,"msg":"ERROR: Sample Error to be outputer","time":"2015-04-16T05:12:28.733Z","v":0}
{"name":"errCompilerLogger","hostname":"Juxhina-Luftas-MacBook-Pro.local","pid":77465,"level":50,"msg":"","time":"2015-04-16T05:12:28.737Z","v":0}
{"name":"errCompilerLogger","hostname":"Juxhina-Luftas-MacBook-Pro.local","pid":77465,"level":50,"msg":"ERROR: Sample Error to be outputer","time":"2015-04-16T05:12:28.738Z","v":0}
{"name":"errCompilerLogger","hostname":"Juxhina-Luftas-MacBook-Pro.local","pid":77465,"level":50,"msg":"ERROR: The multiline comment was not closed properly.","time":"2015-04-16T05:12:28.742Z","v":0}
{"4":{"type":"Missing parameter: CLosing multiple line comments","element":"g","line":4,"position":24},"name":"errCompilerLogger","hostname":"Juxhina-Luftas-MacBook-Pro.local","pid":77465,"level":50,"msg":"","time":"2015-04-16T05:12:28.749Z","v":0}
{"name":"errCompilerLogger","hostname":"Juxhina-Luftas-MacBook-Pro.local","pid":77471,"level":50,"msg":"ERROR: Sample Error to be outputer","time":"2015-04-16T05:12:41.261Z","v":0}
{"name":"errCompilerLogger","hostname":"Juxhina-Luftas-MacBook-Pro.local","pid":77471,"level":50,"msg":"","time":"2015-04-16T05:12:41.271Z","v":0}
{"name":"errCompilerLogger","hostname":"Juxhina-Luftas-MacBook-Pro.local","pid":77471,"level":50,"msg":"ERROR: Sample Error to be outputer","time":"2015-04-16T05:12:41.274Z","v":0}
{"name":"errCompilerLogger","hostname":"Juxhina-Luftas-MacBook-Pro.local","pid":77471,"level":50,"msg":"","time":"2015-04-16T05:12:41.278Z","v":0}
{"name":"errCompilerLogger","hostname":"Juxhina-Luftas-MacBook-Pro.local","pid":77471,"level":50,"msg":"ERROR: Sample Error to be outputer","time":"2015-04-16T05:12:41.279Z","v":0}
{"name":"errCompilerLogger","hostname":"Juxhina-Luftas-MacBook-Pro.local","pid":77471,"level":50,"msg":"ERROR: The multiline comment was not closed properly.","time":"2015-04-16T05:12:41.284Z","v":0}
{"4":{"type":"Missing parameter: CLosing multiple line comments","element":"g","line":4,"position":24},"name":"errCompilerLogger","hostname":"Juxhina-Luftas-MacBook-Pro.local","pid":77471,"level":50,"msg":"","time":"2015-04-16T05:12:41.292Z","v":0}
{"name":"errCompilerLogger","hostname":"Juxhina-Luftas-MacBook-Pro.local","pid":77479,"level":50,"msg":"ERROR: Sample Error to be outputer","time":"2015-04-16T05:13:26.729Z","v":0}
{"name":"errCompilerLogger","hostname":"Juxhina-Luftas-MacBook-Pro.local","pid":77479,"level":50,"msg":"","time":"2015-04-16T05:13:26.738Z","v":0}
{"name":"errCompilerLogger","hostname":"Juxhina-Luftas-MacBook-Pro.local","pid":77479,"level":50,"msg":"ERROR: Sample Error to be outputer","time":"2015-04-16T05:13:26.739Z","v":0}
{"name":"errCompilerLogger","hostname":"Juxhina-Luftas-MacBook-Pro.local","pid":77479,"level":50,"msg":"","time":"2015-04-16T05:13:26.743Z","v":0}
{"name":"errCompilerLogger","hostname":"Juxhina-Luftas-MacBook-Pro.local","pid":77479,"level":50,"msg":"ERROR: Sample Error to be outputer","time":"2015-04-16T05:13:26.744Z","v":0}
{"name":"errCompilerLogger","hostname":"Juxhina-Luftas-MacBook-Pro.local","pid":77479,"level":50,"msg":"ERROR: The multiline comment was not closed properly.","time":"2015-04-16T05:13:26.747Z","v":0}
{"4":{"type":"Missing parameter: CLosing multiple line comments","element":"g","line":4,"position":24},"name":"errCompilerLogger","hostname":"Juxhina-Luftas-MacBook-Pro.local","pid":77479,"level":50,"msg":"","time":"2015-04-16T05:13:26.754Z","v":0}
{"name":"errCompilerLogger","hostname":"JuxhinauftasMBP.wireless.concordia.ca","pid":80815,"level":50,"msg":"ERROR: Sample Error to be outputer","time":"2015-04-16T22:18:37.301Z","v":0}
{"name":"errCompilerLogger","hostname":"JuxhinauftasMBP.wireless.concordia.ca","pid":80815,"level":50,"msg":"","time":"2015-04-16T22:18:37.308Z","v":0}
{"name":"errCompilerLogger","hostname":"JuxhinauftasMBP.wireless.concordia.ca","pid":80818,"level":50,"msg":"ERROR: Sample Error to be outputer","time":"2015-04-16T22:19:36.429Z","v":0}
{"name":"errCompilerLogger","hostname":"JuxhinauftasMBP.wireless.concordia.ca","pid":80818,"level":50,"msg":"","time":"2015-04-16T22:19:36.474Z","v":0}
