{"name":"tokenLogger","hostname":"juxhinauftasmbp.wireless.concordia.ca","pid":80304,"level":30,"msg":"in: parse","time":"2015-04-16T20:20:53.643Z","v":0}
{"name":"tokenLogger","hostname":"JuxhinauftasMBP.wireless.concordia.ca","pid":80793,"level":30,"msg":"in: parse","time":"2015-04-16T22:12:47.400Z","v":0}
{"name":"tokenLogger","hostname":"JuxhinauftasMBP.wireless.concordia.ca","pid":80815,"level":30,"msg":"INFO: Scanning Line : 2","time":"2015-04-16T22:18:37.305Z","v":0}
{"name":"tokenLogger","hostname":"JuxhinauftasMBP.wireless.concordia.ca","pid":80815,"level":30,"msg":"INFO: The File Scanning is Complete.","time":"2015-04-16T22:18:37.307Z","v":0}
{"0":{"type":"FLOAT","lexeme":"13.3456789454","line":2,"position":0},"name":"tokenLogger","hostname":"JuxhinauftasMBP.wireless.concordia.ca","pid":80815,"level":30,"msg":"","time":"2015-04-16T22:18:37.307Z","v":0}
{"name":"tokenLogger","hostname":"JuxhinauftasMBP.wireless.concordia.ca","pid":80818,"level":30,"msg":"INFO: Scanning Line : 2","time":"2015-04-16T22:19:36.453Z","v":0}
{"name":"tokenLogger","hostname":"JuxhinauftasMBP.wireless.concordia.ca","pid":80818,"level":30,"msg":"INFO: Scanning Line : 4","time":"2015-04-16T22:19:36.455Z","v":0}
{"name":"tokenLogger","hostname":"JuxhinauftasMBP.wireless.concordia.ca","pid":80818,"level":30,"msg":"INFO: Scanning Line : 6","time":"2015-04-16T22:19:36.456Z","v":0}
{"name":"tokenLogger","hostname":"JuxhinauftasMBP.wireless.concordia.ca","pid":80818,"level":30,"msg":"INFO: Scanning Line : 8","time":"2015-04-16T22:19:36.457Z","v":0}
{"name":"tokenLogger","hostname":"JuxhinauftasMBP.wireless.concordia.ca","pid":80818,"level":30,"msg":"INFO: Scanning Line : 10","time":"2015-04-16T22:19:36.457Z","v":0}
{"name":"tokenLogger","hostname":"JuxhinauftasMBP.wireless.concordia.ca","pid":80818,"level":30,"msg":"INFO: Scanning Line : 12","time":"2015-04-16T22:19:36.457Z","v":0}
{"name":"tokenLogger","hostname":"JuxhinauftasMBP.wireless.concordia.ca","pid":80818,"level":30,"msg":"INFO: Scanning Line : 14","time":"2015-04-16T22:19:36.459Z","v":0}
{"name":"tokenLogger","hostname":"JuxhinauftasMBP.wireless.concordia.ca","pid":80818,"level":30,"msg":"INFO: Scanning Line : 16","time":"2015-04-16T22:19:36.459Z","v":0}
{"name":"tokenLogger","hostname":"JuxhinauftasMBP.wireless.concordia.ca","pid":80818,"level":30,"msg":"INFO: Scanning Line : 18","time":"2015-04-16T22:19:36.460Z","v":0}
{"name":"tokenLogger","hostname":"JuxhinauftasMBP.wireless.concordia.ca","pid":80818,"level":30,"msg":"INFO: Scanning Line : 20","time":"2015-04-16T22:19:36.460Z","v":0}
{"name":"tokenLogger","hostname":"JuxhinauftasMBP.wireless.concordia.ca","pid":80818,"level":30,"msg":"INFO: Scanning Line : 22","time":"2015-04-16T22:19:36.460Z","v":0}
{"name":"tokenLogger","hostname":"JuxhinauftasMBP.wireless.concordia.ca","pid":80818,"level":30,"msg":"INFO: Scanning Line : 24","time":"2015-04-16T22:19:36.460Z","v":0}
{"name":"tokenLogger","hostname":"JuxhinauftasMBP.wireless.concordia.ca","pid":80818,"level":30,"msg":"INFO: Scanning Line : 26","time":"2015-04-16T22:19:36.461Z","v":0}
{"name":"tokenLogger","hostname":"JuxhinauftasMBP.wireless.concordia.ca","pid":80818,"level":30,"msg":"INFO: Scanning Line : 28","time":"2015-04-16T22:19:36.461Z","v":0}
{"name":"tokenLogger","hostname":"JuxhinauftasMBP.wireless.concordia.ca","pid":80818,"level":30,"msg":"INFO: Scanning Line : 30","time":"2015-04-16T22:19:36.462Z","v":0}
{"name":"tokenLogger","hostname":"JuxhinauftasMBP.wireless.concordia.ca","pid":80818,"level":30,"msg":"INFO: Scanning Line : 32","time":"2015-04-16T22:19:36.462Z","v":0}
{"name":"tokenLogger","hostname":"JuxhinauftasMBP.wireless.concordia.ca","pid":80818,"level":30,"msg":"INFO: Scanning Line : 34","time":"2015-04-16T22:19:36.464Z","v":0}
{"name":"tokenLogger","hostname":"JuxhinauftasMBP.wireless.concordia.ca","pid":80818,"level":30,"msg":"INFO: Scanning Line : 36","time":"2015-04-16T22:19:36.464Z","v":0}
{"name":"tokenLogger","hostname":"JuxhinauftasMBP.wireless.concordia.ca","pid":80818,"level":30,"msg":"INFO: Scanning Line : 38","time":"2015-04-16T22:19:36.465Z","v":0}
{"name":"tokenLogger","hostname":"JuxhinauftasMBP.wireless.concordia.ca","pid":80818,"level":30,"msg":"INFO: Scanning Line : 40","time":"2015-04-16T22:19:36.466Z","v":0}
{"name":"tokenLogger","hostname":"JuxhinauftasMBP.wireless.concordia.ca","pid":80818,"level":30,"msg":"INFO: Scanning Line : 42","time":"2015-04-16T22:19:36.466Z","v":0}
{"name":"tokenLogger","hostname":"JuxhinauftasMBP.wireless.concordia.ca","pid":80818,"level":30,"msg":"INFO: Scanning Line : 44","time":"2015-04-16T22:19:36.466Z","v":0}
{"name":"tokenLogger","hostname":"JuxhinauftasMBP.wireless.concordia.ca","pid":80818,"level":30,"msg":"INFO: Scanning Line : 46","time":"2015-04-16T22:19:36.467Z","v":0}
{"name":"tokenLogger","hostname":"JuxhinauftasMBP.wireless.concordia.ca","pid":80818,"level":30,"msg":"INFO: Scanning Line : 48","time":"2015-04-16T22:19:36.467Z","v":0}
{"name":"tokenLogger","hostname":"JuxhinauftasMBP.wireless.concordia.ca","pid":80818,"level":30,"msg":"INFO: Scanning Line : 50","time":"2015-04-16T22:19:36.467Z","v":0}
{"name":"tokenLogger","hostname":"JuxhinauftasMBP.wireless.concordia.ca","pid":80818,"level":30,"msg":"INFO: Scanning Line : 52","time":"2015-04-16T22:19:36.467Z","v":0}
{"name":"tokenLogger","hostname":"JuxhinauftasMBP.wireless.concordia.ca","pid":80818,"level":30,"msg":"INFO: Scanning Line : 54","time":"2015-04-16T22:19:36.468Z","v":0}
{"name":"tokenLogger","hostname":"JuxhinauftasMBP.wireless.concordia.ca","pid":80818,"level":30,"msg":"INFO: Scanning Line : 56","time":"2015-04-16T22:19:36.468Z","v":0}
{"name":"tokenLogger","hostname":"JuxhinauftasMBP.wireless.concordia.ca","pid":80818,"level":30,"msg":"INFO: Scanning Line : 58","time":"2015-04-16T22:19:36.468Z","v":0}
{"name":"tokenLogger","hostname":"JuxhinauftasMBP.wireless.concordia.ca","pid":80818,"level":30,"msg":"INFO: Scanning Line : 60","time":"2015-04-16T22:19:36.468Z","v":0}
{"name":"tokenLogger","hostname":"JuxhinauftasMBP.wireless.concordia.ca","pid":80818,"level":30,"msg":"INFO: Scanning Line : 62","time":"2015-04-16T22:19:36.468Z","v":0}
{"name":"tokenLogger","hostname":"JuxhinauftasMBP.wireless.concordia.ca","pid":80818,"level":30,"msg":"INFO: Scanning Line : 64","time":"2015-04-16T22:19:36.469Z","v":0}
{"name":"tokenLogger","hostname":"JuxhinauftasMBP.wireless.concordia.ca","pid":80818,"level":30,"msg":"INFO: Scanning Line : 66","time":"2015-04-16T22:19:36.469Z","v":0}
{"name":"tokenLogger","hostname":"JuxhinauftasMBP.wireless.concordia.ca","pid":80818,"level":30,"msg":"INFO: Scanning Line : 68","time":"2015-04-16T22:19:36.469Z","v":0}
{"name":"tokenLogger","hostname":"JuxhinauftasMBP.wireless.concordia.ca","pid":80818,"level":30,"msg":"INFO: The File Scanning is Complete.","time":"2015-04-16T22:19:36.473Z","v":0}
{"0":{"type":"RESERVED","lexeme":"class","line":12,"position":0},"1":{"type":"ID","lexeme":"Utility","line":12,"position":6},"2":{"type":"OPENCURLY","lexeme":"{","line":14,"position":0},"3":{"type":"RESERVED","lexeme":"float","line":20,"position":4},"4":{"type":"ID","lexeme":"var2","line":20,"position":14},"5":{"type":"RESERVED","lexeme":"int","line":24,"position":4},"6":{"type":"ID","lexeme":"findMax","line":24,"position":12},"7":{"type":"OPENPARENTHESIS","lexeme":"(","line":24,"position":27},"8":{"type":"RESERVED","lexeme":"int","line":24,"position":28},"9":{"type":"OPENCURLY","lexeme":"{","line":26,"position":4},"10":{"type":"RESERVED","lexeme":"int","line":28,"position":8},"11":{"type":"ID","lexeme":"maxValue","line":28,"position":20},"12":{"type":"RESERVED","lexeme":"for","line":30,"position":8},"13":{"type":"OPENPARENTHESIS","lexeme":"(","line":30,"position":19},"14":{"type":"RESERVED","lexeme":"int","line":30,"position":21},"15":{"type":"ID","lexeme":"idx","line":30,"position":38},"16":{"type":"OPENCURLY","lexeme":"{","line":32,"position":8},"17":{"type":"CLOSECURLY","lexeme":"}","line":40,"position":8},"18":{"type":"SEMICOLON","lexeme":";","line":40,"position":9},"19":{"type":"RESERVED","lexeme":"return","line":42,"position":4},"20":{"type":"OPENPARENTHESIS","lexeme":"(","line":42,"position":15},"21":{"type":"ID","lexeme":"maxValue","line":42,"position":16},"22":{"type":"CLOSECURLY","lexeme":"}","line":44,"position":4},"23":{"type":"SEMICOLON","lexeme":";","line":44,"position":5},"24":{"type":"CLOSECURLY","lexeme":"}","line":52,"position":0},"25":{"type":"SEMICOLON","lexeme":";","line":52,"position":1},"26":{"type":"RESERVED","lexeme":"program","line":56,"position":0},"27":{"type":"OPENCURLY","lexeme":"{","line":56,"position":8},"28":{"type":"RESERVED","lexeme":"int","line":60,"position":4},"29":{"type":"ID","lexeme":"minValue","line":60,"position":12},"30":{"type":"ID","lexeme":"maxValue","line":66,"position":4},"31":{"type":"EQUALOP","lexeme":"=","line":66,"position":17},"32":{"type":"ID","lexeme":"utility","line":66,"position":19},"name":"tokenLogger","hostname":"JuxhinauftasMBP.wireless.concordia.ca","pid":80818,"level":30,"msg":"","time":"2015-04-16T22:19:36.473Z","v":0}
{"name":"tokenLogger","hostname":"juxhinauftasmbp.wireless.concordia.ca","pid":80962,"level":30,"msg":"INFO: New Scope Detected","time":"2015-04-16T22:51:51.591Z","v":0}
{"name":"tokenLogger","hostname":"juxhinauftasmbp.wireless.concordia.ca","pid":80962,"level":30,"msg":"INFO: New Scope Detected","time":"2015-04-16T22:51:51.596Z","v":0}
{"name":"tokenLogger","hostname":"juxhinauftasmbp.wireless.concordia.ca","pid":80962,"level":30,"msg":"INFO: New Scope Detected","time":"2015-04-16T22:51:51.601Z","v":0}
{"name":"tokenLogger","hostname":"juxhinauftasmbp.wireless.concordia.ca","pid":80962,"level":30,"msg":"INFO: Scope terminated.","time":"2015-04-16T22:51:51.601Z","v":0}
{"name":"tokenLogger","hostname":"juxhinauftasmbp.wireless.concordia.ca","pid":80962,"level":30,"msg":"INFO: Scope terminated.","time":"2015-04-16T22:51:51.602Z","v":0}
{"name":"tokenLogger","hostname":"juxhinauftasmbp.wireless.concordia.ca","pid":80962,"level":30,"msg":"INFO: Scope terminated.","time":"2015-04-16T22:51:51.603Z","v":0}
{"name":"tokenLogger","hostname":"juxhinauftasmbp.wireless.concordia.ca","pid":80962,"level":30,"msg":"INFO: New Scope Detected","time":"2015-04-16T22:51:51.603Z","v":0}
{"name":"tokenLogger","hostname":"juxhinauftasmbp.wireless.concordia.ca","pid":80962,"level":30,"msg":"INFO: Scope terminated.","time":"2015-04-16T22:51:51.609Z","v":0}
